0 info it worked if it ends with ok
1 verbose cli [ 'C:\\Program Files\\nodejs\\node.exe',
1 verbose cli   'C:\\Program Files\\nodejs\\node_modules\\npm\\bin\\npm-cli.js',
1 verbose cli   'publish' ]
2 info using npm@3.8.9
3 info using node@v6.2.0
4 verbose publish [ '.' ]
5 silly cache add args [ '.', null ]
6 verbose cache add spec .
7 silly cache add parsed spec Result {
7 silly cache add   raw: '.',
7 silly cache add   scope: null,
7 silly cache add   name: null,
7 silly cache add   rawSpec: '.',
7 silly cache add   spec: 'c:\\Users\\Bigo\\Desktop\\dominic',
7 silly cache add   type: 'directory' }
8 verbose addLocalDirectory C:\Users\Bigo\AppData\Roaming\npm-cache\dominic\0.1.41\package.tgz not in flight; packing
9 verbose correctMkdir C:\Users\Bigo\AppData\Roaming\npm-cache correctMkdir not in flight; initializing
10 info lifecycle dominic@0.1.41~prepublish: dominic@0.1.41
11 verbose lifecycle dominic@0.1.41~prepublish: unsafe-perm in lifecycle true
12 verbose lifecycle dominic@0.1.41~prepublish: PATH: C:\Program Files\nodejs\node_modules\npm\bin\node-gyp-bin;c:\Users\Bigo\Desktop\dominic\node_modules\.bin;C:\Program Files\nodejs;C:\ProgramData\Oracle\Java\javapath;C:\Windows\system32;C:\Windows;C:\Windows\System32\Wbem;C:\Windows\System32\WindowsPowerShell\v1.0\;C:\Program Files (x86)\Intel\OpenCL SDK\2.0\bin\x86;C:\Program Files (x86)\Intel\OpenCL SDK\2.0\bin\x64;C:\Program Files (x86)\Windows Kits\8.1\Windows Performance Toolkit\;C:\Program Files\Microsoft SQL Server\110\Tools\Binn\;C:\Program Files (x86)\Microsoft ASP.NET\ASP.NET Web Pages\v1.0\;C:\Program Files\Microsoft SQL Server\Client SDK\ODBC\110\Tools\Binn\;C:\Program Files (x86)\Microsoft SQL Server\120\Tools\Binn\;C:\Program Files\Microsoft SQL Server\120\Tools\Binn\;C:\Program Files\Microsoft SQL Server\120\DTS\Binn\;C:\Program Files (x86)\Microsoft SQL Server\120\Tools\Binn\ManagementStudio\;C:\Program Files (x86)\Microsoft SQL Server\120\DTS\Binn\;C:\xampp\php;C:\Program Files\Git\cmd;C:\Program Files\TortoiseSVN\bin;C:\Program Files (x86)\Microsoft Emulator Manager\1.0\;C:\ProgramData\chocolatey\bin;C:\Program Files\Java\jdk1.8.0_51\bin;C:\Program Files (x86)\Bitvise SSH Client;C:\tools\python;C:\Program Files (x86)\RemObjects Software\Elements\bin;C:\Program Files (x86)\GtkSharp\2.12\bin;C:\WINDOWS\system32;C:\WINDOWS;C:\WINDOWS\System32\Wbem;C:\WINDOWS\System32\WindowsPowerShell\v1.0\;C:\Program Files (x86)\Intel\OpenCL SDK\2.0\bin\x86;C:\Program Files (x86)\Intel\OpenCL SDK\2.0\bin\x64;C:\Program Files\nodejs\;C:\Program Files (x86)\Brackets\command;C:\Users\Bigo\bin\Sencha\Cmd\6.1.1.76/..;C:\Users\Bigo\.dnx\bin;C:\Users\Bigo\AppData\Local\.meteor\;C:\Users\Bigo\AppData\Local\.meteor;C:\Program Files (x86)\Microsoft VS Code\bin;C:\ProgramData\Oracle\Java\javapath;C:\Windows\system32;C:\Windows;C:\Windows\System32\Wbem;C:\Windows\System32\WindowsPowerShell\v1.0\;C:\Program Files (x86)\Intel\OpenCL SDK\2.0\bin\x86;C:\Program Files (x86)\Intel\OpenCL SDK\2.0\bin\x64;C:\Program Files (x86)\Windows Kits\8.1\Windows Performance Toolkit\;C:\Program Files\Microsoft SQL Server\110\Tools\Binn\;C:\Program Files (x86)\Microsoft ASP.NET\ASP.NET Web Pages\v1.0\;C:\Program Files\Microsoft SQL Server\Client SDK\ODBC\110\Tools\Binn\;C:\Program Files (x86)\Microsoft SQL Server\120\Tools\Binn\;C:\Program Files\Microsoft SQL Server\120\Tools\Binn\;C:\Program Files\Microsoft SQL Server\120\DTS\Binn\;C:\Program Files (x86)\Microsoft SQL Server\120\Tools\Binn\ManagementStudio\;C:\Program Files (x86)\Microsoft SQL Server\120\DTS\Binn\;C:\xampp\;C:\Users\Bigo\AppData\Roaming\npm
13 verbose lifecycle dominic@0.1.41~prepublish: CWD: c:\Users\Bigo\Desktop\dominic
14 silly lifecycle dominic@0.1.41~prepublish: Args: [ '/d /s /c', 'npm run build' ]
15 silly lifecycle dominic@0.1.41~prepublish: Returned: code: 0  signal: null
16 verbose tar pack [ 'C:\\Users\\Bigo\\AppData\\Roaming\\npm-cache\\dominic\\0.1.41\\package.tgz',
16 verbose tar pack   'c:\\Users\\Bigo\\Desktop\\dominic' ]
17 verbose tarball C:\Users\Bigo\AppData\Roaming\npm-cache\dominic\0.1.41\package.tgz
18 verbose folder c:\Users\Bigo\Desktop\dominic
19 verbose addLocalTarball adding from inside cache C:\Users\Bigo\AppData\Roaming\npm-cache\dominic\0.1.41\package.tgz
20 verbose correctMkdir C:\Users\Bigo\AppData\Roaming\npm-cache correctMkdir not in flight; initializing
21 silly cache afterAdd dominic@0.1.41
22 verbose afterAdd C:\Users\Bigo\AppData\Roaming\npm-cache\dominic\0.1.41\package\package.json not in flight; writing
23 verbose correctMkdir C:\Users\Bigo\AppData\Roaming\npm-cache correctMkdir not in flight; initializing
24 verbose afterAdd C:\Users\Bigo\AppData\Roaming\npm-cache\dominic\0.1.41\package\package.json written
25 silly publish { name: 'dominic',
25 silly publish   version: '0.1.41',
25 silly publish   description: 'Helper to quickly build up DOM in simple javascript object format.',
25 silly publish   main: 'dist/dominic.js',
25 silly publish   scripts:
25 silly publish    { test: 'test',
25 silly publish      minify: 'uglifyjs dist/dominic.js -o dist/dominic.min.js -c dead_code,unused,booleans,loops,join_vars,drop_debugger,drop_console,sequences -m',
25 silly publish      build: 'rollup -c && npm run minify ',
25 silly publish      prepublish: 'npm run build',
25 silly publish      start: 'node server.js' },
25 silly publish   keywords: [ 'DOM', 'dom', 'helper', 'quickdom', 'dominic' ],
25 silly publish   author:
25 silly publish    { name: 'bigopon',
25 silly publish      email: 'bigopon.777@gmail.com',
25 silly publish      url: 'http://bigopon.surge.sh' },
25 silly publish   license: 'MIT',
25 silly publish   repository:
25 silly publish    { url: 'git+https://github.com/bigopon/dominic.git',
25 silly publish      type: 'git' },
25 silly publish   devDependencies:
25 silly publish    { babel: '^6.5.2',
25 silly publish      'babel-loader': '^6.2.4',
25 silly publish      'babel-plugin-transform-es2015-modules-simple-commonjs': '^0.3.0',
25 silly publish      'babel-preset-es2015': '^6.9.0',
25 silly publish      'babel-preset-es2015-rollup': '^1.1.1',
25 silly publish      rollup: '^0.31.2',
25 silly publish      'rollup-plugin-babel': '^2.5.1',
25 silly publish      'rollup-watch': '^2.4.0',
25 silly publish      webpack: '^1.13.1',
25 silly publish      'webpack-dev-server': '^1.14.1' },
25 silly publish   readme: '## Dominic\r\nHelper to quickly build up dom in javascript object format\r\n* v.0.1.42 contains breaking changes. See changelog\r\n\r\nBasic feature list:\r\n\r\n * Just dom\r\n * Basic dom construction by javascript object format\r\n * Event\r\n * Reference\r\n * Template by function\r\n * Components\r\n * ~~Server side render to Html (with helper, see API)~~ (temporarily)\r\n\r\n\r\nAnd here\'s some code! :+1:\r\n\r\n#### Basic 1:\r\n```javascript\r\nvar root = Dominic.create({\r\n    cls: \'root\', // or className: \'root\' | cls as alias for className\r\n    parent: document.body,\r\n    width: 300,\r\n    height: 300,\r\n    background: \'darkgreen\',\r\n    items: [ // or: children\r\n        // also accept string, number as children, will be converted to text node\r\n        { tag: \'div\', width: 50, height: 50, text: \'Intro\', display: \'inline-block\', background: \'yellowgreen\' },\r\n        { tag: \'div\', width: 200, background: \'lightgreen\',\r\n            items: [\r\n                { tag: \'div\', width: 20, height: 20, background: \'red\' },\r\n                { tag: \'div\', width: 20, height: 20, background: \'orange\' },\r\n            ]\r\n        }\r\n    ],\r\n    created: function () {\r\n        // called when finished every setup\r\n    },\r\n    appended: function () {\r\n        // called when\r\n        // 1. element is root (created by CreateElement)\r\n        // 2. parent is Node and appended element successfully\r\n    }\r\n})\r\n```\r\n###### Result\r\n![alt tag](http://img.prntscr.com/img?url=http://i.imgur.com/XFBYYe4.png)\r\n\r\n###### Styling\r\n* `width`, `height`, `minHeight`, `maxHeight`,  `minWidth`, `maxWidth`\r\n* `margin`, `padding`, `margin` and `padding` + `(Top - Left - Right - Bottom)`\r\n will be converted to proper CSS value if value is number\r\n\r\n#### Basic 2: Function as item & div all the elements\r\n* Tag name is \'div\' by default\r\n```javascript\r\nvar outerScopeDataSource = [\r\n    { name: \'yellow\' },\r\n    { name: \'green\' },\r\n    { name: \'pink\' }\r\n]\r\nvar root = Dominic.create({\r\n    cls: \'root\',\r\n    parent: document.body,\r\n    width: 300,\r\n    height: 300,\r\n    background: \'darkgreen\',\r\n    items: [\r\n        { width: 50, height: 50, text: \'Intro\', display: \'inline-block\', background: \'yellowgreen\',\r\n            items: [\r\n                function () {\r\n                    return outerScopeDataSource.map(function (data) {\r\n                        return { tag: \'custom-el\', text: data.name }\r\n                    })\r\n                }\r\n            ]\r\n        },\r\n        { width: 200, background: \'lightgreen\',\r\n            items: [\'color\', \'material\'].map(function (val) {\r\n                return { text: val }\r\n            })\r\n        }\r\n    ]\r\n})\r\n```\r\n###### Result\r\n![](http://image.prntscr.com/image/96b684409c2847a9bd92aa691ea4d294.png)\r\n\r\n#### Basic 3a: Share configs\r\n```javascript\r\nvar root = Dominic.create({\r\n    cls: \'root\',\r\n    parent: document.body,\r\n    width: \'100%\',\r\n    height: \'100%\',\r\n    defaults: {\r\n        display: \'inline-block\',\r\n        height: \'100%\',\r\n        cls: \'default-class\',\r\n        style: {\r\n            verticalAlign: \'top\'\r\n        }\r\n    },\r\n    items: [\r\n        { cls: \'sidebar\', width: 200, ref: \'sidebar\', background: \'lightgreen\' },\r\n        { cls: \'main\', width: \'calc(100% - 200px)\', ref: \'main\', background: \'lightblue\',\r\n            defaults: {\r\n                background: \'tomato\',\r\n                margin: 5,\r\n                height: 50,\r\n                width: 50,\r\n                display: \'inline-block\'\r\n            },\r\n            items: [\r\n                { text: 1 },\r\n                { text: 2 },\r\n                [3,4,5,6].map(function (v) { return { text: v } }),\r\n                function () {\r\n                    return [5,6,7,8].map(function (v) { return { text: v } })\r\n                }\r\n            ]\r\n        },\r\n        { tag: \'test\' }\r\n    ]\r\n})\r\n```\r\n* All direct children of root will have `display = \'inline-block\', height = \'100%\'`\r\n* Only last child of root will have `class = \'default-class\'`\r\n\r\n###### Result\r\n![](http://img.prntscr.com/img?url=http://i.imgur.com/o8Nt3GZ.png)\r\n\r\n#### Basic 3b: Share configs with extra class\r\n`xtraCls`, `xCls`: `string`\r\n```javascript\r\nvar root = Dominic.create({\r\n    cls: \'root\',\r\n    parent: document.body,\r\n    width: \'100%\',\r\n    height: \'100%\',\r\n    defaults: {\r\n        cls: \'default-class\',\r\n    },\r\n    items: [\r\n        { xCls: \'sidebar\' },\r\n        { xtraCls: \'main\' },\r\n        { tag: \'test\' }\r\n    ]\r\n})\r\n```\r\n###### Result\r\n![](http://image.prntscr.com/image/6f45032d704043bfaf4f84df6cdf1613.png)\r\n\r\n#### Basic 4: Condition `if`/ `hide`\r\n```javascript\r\nvar root = Dominic.create({\r\n    className: \'root\',\r\n    parent: document.body,\r\n    width: \'100%\',\r\n    height: \'100%\',\r\n    defaults: {\r\n        display: \'inline-block\',\r\n        height: \'100%\',\r\n        className: \'default-class\',\r\n        style: {\r\n            verticalAlign: \'top\'\r\n        }\r\n    },\r\n    items: [\r\n        { cls: \'sidebar\', width: 200, ref: \'sidebar\', background: \'lightgreen\' },\r\n        { cls: \'main\',\r\n            width: \'calc(100% - 200px)\',\r\n            ref: \'main\',\r\n            background: \'lightblue\',\r\n            defaults: {\r\n                background: \'tomato\',\r\n                margin: 5,\r\n                height: 50,\r\n                width: 50,\r\n                display: \'inline-block\'\r\n            },\r\n            items: [\r\n                { text: \'First\' },\r\n                { text: \'Second\' },\r\n                [3,4,5,6].map(function (v, i) {\r\n                    return { text: \'Value is: \' + v, if: v < 4 }\r\n                }),\r\n                function () {\r\n                    return [5,6,7,8].map(function (v) { return { text: v, hide: v > 6 } })\r\n                }\r\n            ]\r\n        }\r\n    ]\r\n})\r\n```\r\n###### Result\r\n![](http://img.prntscr.com/img?url=http://i.imgur.com/poLwTtM.png)\r\n\r\n\r\n#### Attributes\r\n```javascript\r\nvar root = Dominic.create({\r\n    className: \'root\',\r\n    id: \'root\',\r\n    parent: document.body,\r\n    width: 300,\r\n    height: 300,\r\n    background: \'darkgreen\',\r\n    padding: 5,\r\n    attrs: {\r\n        class: \'original\',\r\n        dataTooltip: \'halo this is tip\',\r\n        \'data-id\': 5\r\n    }\r\n})\r\n```\r\n###### Result\r\n![alt tag](http://img.prntscr.com/img?url=http://i.imgur.com/WQP5QQ3.png)\r\n\r\n#### Reference\r\n```javascript\r\nvar root = Dominic.create({\r\n    className: \'root\',\r\n    parent: document.body,\r\n    width: 300,\r\n    height: 300,\r\n    background: \'darkgreen\',\r\n    items: [\r\n        { width: 50, height: 50, text: \'Intro\', display: \'inline-block\' },\r\n        { width: 200, ref: \'orange\', // access by root.refs.orange\r\n            items: [\r\n                { width: 20, height: 20, background: \'red\',\r\n                    ref: \'lightgreen\' // access by root.refs.lightgreen\r\n                },\r\n                { width: 20, height: 20, background: \'orange\',\r\n                    // access by root.refs.orange.refs.orange\r\n                    ref: \'orange\', refScope: \'parent\'\r\n                },\r\n            ]\r\n        }\r\n    ]\r\n})\r\n```\r\n\r\n#### Events 1:\r\nReserved keyword for events:\r\n* Mouse: `click` `mousedown` `mouseup` `mouseover` `mouseout` `mouseenter` `mouseleave` `mousemove`\r\n* Drag: `dragstart` `dragend` `drag` `dragover` `dragenter` `dragleave` `drop`\r\n* Focus: `blur` `focus` \r\n* Keyboard: `keydown` `keypress` `keyup`\r\n* Form: `change` `input` `submit`\r\n* Touch: `touchstart` `touchmove` `touchend`\r\n* Scroll: `wheel` `scroll`\r\n\r\n```javascript\r\nvar root = Dominic.create({\r\n    className: \'root\',\r\n    id: \'root\',\r\n    parent: document.body,\r\n    width: 300,\r\n    height: 300,\r\n    background: \'darkgreen\',\r\n    items: [\r\n        { tag: \'div\', width: 50, height: 50, text: \'Intro\', display: \'inline-block\', background: \'yellowgreen\' },\r\n        { tag: \'div\', width: 200, background: \'lightgreen\',\r\n            items: [\r\n                { tag: \'div\', className: \'red\', width: 20, height: 20, background: \'red\',\r\n                    // normal click handler\r\n                    click: {\r\n                        handler: function (e) {\r\n                            // div.red\r\n                            console.log(\'This is:\', this.localName + \'.\' + this.className)\r\n                        }\r\n                    }\r\n                },\r\n                { tag: \'div\', className: \'orange\', width: 20, height: 20, background: \'orange\',\r\n                    click: {\r\n                        // change scope to root element\r\n                        scope: \'root\',\r\n                        handler: function (e) {\r\n                            // div.root\r\n                            console.log(\'This is:\', this.localName + \'.\' + this.className)\r\n                        }\r\n                    },\r\n                    events: [\r\n                        { type: \'custom:event\', handler: function () { \r\n                            console.log(\'This is div.orange\')\r\n                        }}\r\n                    ]\r\n                },\r\n                { tag: \'div\', className: \'yellow\', width: 20, height: 20, background: \'yellow\',\r\n                    click: {\r\n                        scope: \'root\',\r\n                        // Will look up for `onClickYellow` on root element\r\n                        // Throw error if not found\r\n                        handler: \'onClickYellow\',\r\n                        capture: true\r\n                    }\r\n                }\r\n            ]\r\n        }\r\n    ],\r\n    onClickYellow: function (e) {\r\n        var t = e.target\r\n        // From div.yellow to div.root\r\n        console.log(\'From \', t.localName + \'.\' + t.className + \' to \' + this.localName + \'.\' + this.className)\r\n    },\r\n    events: [\r\n        { type: \'mouseout\', handler: function (e) {\r\n            console.log(\'Out of:\', e.target)\r\n        }}\r\n    ]\r\n})\r\n```\r\n\r\n#### Events 2: Delegate\r\n```javascript\r\nvar root = Dominic.create({\r\n    cls: \'root\',\r\n    id: \'root\',\r\n    parent: document.body,\r\n    width: 300,\r\n    height: 300,\r\n    background: \'darkgreen\',\r\n    items: [\r\n        { width: 50, height: 50, text: \'Intro\', display: \'inline-block\', background: \'yellowgreen\' },\r\n        { width: 200, background: \'lightgreen\',\r\n            items: [\r\n                { cls: \'child red\', width: 20, height: 20, background: \'red\' },\r\n                { cls: \'child orange\', width: 20, height: 20, background: \'orange\' },\r\n                { cls: \'child yellow\', width: 20, height: 20, background: \'yellow\' }\r\n            ],\r\n            click: { scope: \'root\', handler: \'onClickLightgreen\', delegate: \'.child\' }\r\n        }\r\n    ],\r\n    onClickLightgreen: function (e, match, delegate) {\r\n        // this: scope when register event listener. Default: element has listener\r\n        // e: event object\r\n        // match: element matching delegate\r\n        // delegate: delegate css selector passed when register event listener\r\n        console.log(\'This is: \' + match.localName + \'.\' + match.className.replace(\' \', \'.\'))\r\n    }\r\n})\r\n```\r\n\r\n#### Events 3: Key code hook\r\n- Only trigger key event with specified key codes\r\n```javascript\r\nvar root = Dominic.create({\r\n    cls: \'root\',\r\n    parent: document.body,\r\n    width: \'100%\',\r\n    height: \'100%\',\r\n    defaults: {\r\n        cls: \'default-class\',\r\n    },\r\n    items: [\r\n        { xCls: \'sidebar\' },\r\n        { xtraCls: \'main\' },\r\n        { tag: \'input\',\r\n            keydown: { scope: \'root\', handler: \'sayHelo\', key: 13 }\r\n        },\r\n        { tag: \'input\',\r\n            keydown: { scope: \'root\', handler: \'onArrowKey\', key: [37,38,39,40] }\r\n        }\r\n    ],\r\n    sayHelo: function (e) {\r\n        console.log(\'helo\', e.target.value)\r\n    },\r\n    onArrowKey: function (e) {\r\n        console.log(\'Navigating:\', e.keyCode)\r\n    }\r\n})\r\n```\r\n\r\n#### Template 1a\r\n1. `for`: data source\r\n2. `TplFn`: function (item, itemIndex)\r\n* If data source provided is an array, item is record of array and itemIndex is record index\r\n* If data source provided is an object, item is data object and itemIndex will be undefined\r\n\r\n```javascript\r\nvar root = Dominic.create({\r\n    className: \'root\',\r\n    id: \'root\',\r\n    parent: document.body,\r\n    width: 300,\r\n    height: 300,\r\n    background: \'darkgreen\',\r\n    padding: 5,\r\n    items: {\r\n        // data source\r\n        for: [\r\n            { name: \'apple\', cost: 0.5 },\r\n            { name: \'mango\', cost: 0.5 },\r\n            { name: \'grape\', cost: 0.6,\r\n                suppliers: { data: [\r\n                    { name: \'US\', time: 5 },\r\n                    { name: \'UK\', time: 4 }\r\n                ]}\r\n            }\r\n        ],\r\n        tplFn: function (item, itemIdx) {\r\n            return { tag: \'div\', text: item.name, padding: 5, margin: \'5px 0 0 5px\', background: \'tomato\',\r\n                items: {\r\n                    for: item.suppliers,\r\n                    root: \'data\', // specify which property to look for data\r\n                    tplFn: function (sup, supIdx) {\r\n                        return { tag: \'div\',\r\n                            padding: 5,\r\n                            background: \'lightblue\',\r\n                            text: sup.name + \'. Time: \' + sup.time + \' days\'\r\n                        }\r\n                    }\r\n                }\r\n            }\r\n        }\r\n    }\r\n})\r\n```\r\n###### Result\r\n![](http://img.prntscr.com/img?url=http://i.imgur.com/aZVNQe8.png)\r\n\r\n#### Template 1b\r\n* Can also loop through object property if specified with `alwaysIterate`.\r\n\r\n```javascript\r\nvar root = Dominic.create({\r\n    cls: \'root\',\r\n    parent: document.body,\r\n    defaults: {\r\n        cls: \'default-class\'\r\n    },\r\n    items: [\r\n        { for: { a: 5, b: 6, c: 7},\r\n            observeProp: \'data1\',\r\n            alwaysIterate: true,\r\n            // value & key instead value & index\r\n            tplFn: function (v, key) {\r\n                return { text: \'Value is: [\' + v + \']. Key is: [\' + key + \']\' }\r\n            }\r\n        },\r\n        { xCls: \'sidebar\' },\r\n        { xtraCls: \'main\', items: {\r\n            for: [5,6,7,8],\r\n            observeProp: \'data2\',\r\n            tplFn: function (v) { return v }\r\n        }},\r\n    ]\r\n})\r\n\r\n// change:\r\nroot.observe.data1 = { name: \'Dominic\', purpose: \'Helper\', target: \'quick dom for test\' }\r\nroot.observe.data2 = [ \'Helo \', \'This \', \'is \', \'a \', \'test \' ]\r\n```\r\n###### Result\r\n![](http://image.prntscr.com/image/bc5ae70b6911427897014bf17dee57b0.png)\r\n\r\n#### Template with data change reaction\r\n```javascript\r\nvar src = [\r\n    { name: \'apple\', cost: 0.5 },\r\n    { name: \'mango\', cost: 0.5 },\r\n    { name: \'grape\', cost: 0.6,\r\n        suppliers: { data: [\r\n            { name: \'US\', time: 5 },\r\n            { name: \'UK\', time: 4 }\r\n        ]}\r\n    }\r\n]\r\nvar root = Dominic.create({\r\n    className: \'root\',\r\n    id: \'root\',\r\n    parent: document.body,\r\n    width: 300,\r\n    height: 300,\r\n    background: \'darkgreen\',\r\n    padding: 5,\r\n    items: {\r\n        // data source\r\n        for: null,\r\n        // update this when root.observe.data = src\r\n        observeProp: \'data\',\r\n        tplFn: function (item, itemIdx) {\r\n            return { tag: \'div\', text: item.name, padding: 5, margin: \'5px 0 0 5px\', background: \'tomato\',\r\n                items: {\r\n                    for: item.suppliers,\r\n                    root: \'data\', // specify which property to look for data\r\n                    tplFn: function (sup, supIdx) {\r\n                        return {\r\n                            tag: \'div\',\r\n                            padding: 5,\r\n                            background: \'lightblue\',\r\n                            text: sup.name + \'. Time: \' + sup.time + \' days\',\r\n                            click: { scope: \'root\', handler: \'onClickSupplier\' }\r\n                        }\r\n                    }\r\n                }\r\n            }\r\n        }\r\n    },\r\n    onClickSupplier: function (e) {\r\n        // Do something\r\n    },\r\n    events: [\r\n        { type: \'mouseout\', handler: function (e) {\r\n            console.log(\'Out of:\', e.target)\r\n        }}\r\n    ]\r\n})\r\n\r\n// first change\r\nroot.observe.data = src\r\n// add more value\r\nroot.observe.push(\'data\', {\r\n    name: \'mangox\',\r\n    cost: 0.5,\r\n    suppliers: { data: [\r\n        { name: \'Russia\', time: 4 },\r\n        { name: \'China\', time: 5 }\r\n    ]}\r\n})\r\n```\r\n#### All template APIs\r\n* Only work when template data is array\r\n* Now support multiple templates observing same property\r\n* APIs:\r\n  1. push (now real push, was previously reset)\r\n  2. insert\r\n  3. remove\r\n  4. pop\r\n  5. shift\r\n  6. unshift\r\n* Example:\r\n```javascript\r\n    /**\r\n     * @param observeProperty {string}\r\n     * @param data {any}\r\n     */\r\n    root.observe.push(observeProperty, data)\r\n    /**\r\n     * If index is absent, insert at the end, same behavior with push\r\n     * @param index? {int}\r\n     */\r\n    root.observe.insert(observeProperty, data)\r\n    /**\r\n     * @param indexes {int[] | int}\r\n     */\r\n    root.observe.remove(observeProperty, indexes)\r\n    /**\r\n     * These following methods have same behavior like in an array\r\n     */\r\n    root.observe.pop(observeProperty)\r\n    root.observe.shift(observeProperty)\r\n    root.observe.unshift(observeProperty, data)\r\n```\r\n\r\n#### Component (v.0.1.42)\r\n#### Basic 1\r\n```javascript\r\nvar Input = Dominic.register(\'input\', function Input(defs) {\r\n    return {\r\n        tag: \'label\',\r\n        parent: defs.parent,\r\n        display: \'block\',\r\n        items: [\r\n            { tag: \'span\', items: { tag: \'b\', text: \'Label name:\' } },\r\n            { tag: \'input\', placeholder: \'Choose label name\' }\r\n        ]\r\n    }\r\n})\r\n\r\nDominic.create({\r\n    ctype: \'input\',\r\n    parent: document.body\r\n})\r\n```\r\n###### Result\r\n![](http://image.prntscr.com/image/9ce1ca1c21f44430beaa3c32e5cc5859.png)\r\n#### Basic 2\r\n```javascript\r\n// Define\r\nvar Input = Dominic.register(\'input\', function Input(defs) {\r\n    return {\r\n        tag: \'label\',\r\n        display: \'block\',\r\n        items: [\r\n            { tag: \'span\', items: { tag: \'b\', text: defs.label } },\r\n            { tag: \'input\', placeholder: \'Choose label name\' }\r\n        ]\r\n    }\r\n})\r\n// Define\r\nvar Tab = Dominic.register(\'tab\', function Tab(defs) {\r\n    var configs = {\r\n        cls: \'d-tab-ct\',\r\n        parent: defs.parent,\r\n        items: [\r\n            { cls: \'d-tab-btns\',\r\n                defaults: {\r\n                    tag: \'span\',\r\n                    display: \'inline-block\',\r\n                    height: 22,\r\n                    padding: 4\r\n                },\r\n                items: {\r\n                    for: defs.tabs,\r\n                    observeProp: \'tabs\',\r\n                    tplFn: function(tab, i) {\r\n                        return { text: tab.name }\r\n                    }\r\n                }\r\n            },\r\n            { cls: \'d-tab-tabs\', items: {\r\n                for: defs.tabs,\r\n                observeProp: \'tabs\',\r\n                tplFn: function(tab, i) {\r\n                    console.log(\'tab data is\', tab)\r\n                    // Usage\r\n                    return { ctype: \'input\', label: \'Tab number \' + i }\r\n                }\r\n            }},\r\n        ]\r\n    }\r\n    if (defs.created)\r\n        configs.created = defs.created\r\n    if (defs.appended)\r\n        configs.appended = defs.appended\r\n    return configs\r\n})\r\n\r\nDominic.create({\r\n    ctype: \'tab\',\r\n    parent: document.body,\r\n    tabs: [\r\n        { name: \'Tab 1\' },\r\n        { name: \'Tab 2\' },\r\n        { name: \'Tab 3\' }\r\n    ],\r\n    created: function() {\r\n        console.log(\'finished initiating tab\')\r\n    },\r\n    appended: function() {\r\n        console.log(\'Now in document\')\r\n    }\r\n})\r\n```\r\n###### Result\r\n![](http://image.prntscr.com/image/aef511129257415085307e63bd09584d.png)\r\n\r\n\r\n## Motivation\r\nPrototyping some design and testing event/ interaction made a bit more convinient when\r\n- No dependencies & everything in javascript\r\n- There are Events & reference & template supports\r\n\r\n## Installation\r\n```HTML\r\n<script src="dominic.min.js"></script>\r\n```\r\n```javascript\r\nnpm i dominic\r\n```\r\n\r\n## API\r\n\r\n1. Create new DOM element\r\n```javascript\r\n/**\r\n * @param defs {Object} opts options for root element, className, id, children etc... \r\n * @return {DOM}\r\n */\r\nDominic.create(defs)\r\n```\r\n\r\n## Plan\r\n- [x] Have mixed components and normal elements\r\n- [ ] Have diffing when updating in template\r\n- [ ] Have basic layouts: `facebook`, `twitter`, `pinterest`\r\n- [ ] Have basic components: `tab`, `combobox`, `table` \r\n\r\n\r\n## License\r\n.MIT\r\n',
25 silly publish   readmeFilename: 'README.md',
25 silly publish   bugs: { url: 'https://github.com/bigopon/dominic/issues' },
25 silly publish   homepage: 'https://github.com/bigopon/dominic#readme',
25 silly publish   _id: 'dominic@0.1.41',
25 silly publish   _shasum: '8fa4e3fcc51cfe62996aafbe0370415877afba74',
25 silly publish   _from: '.' }
26 verbose getPublishConfig undefined
27 silly mapToRegistry name dominic
28 silly mapToRegistry using default registry
29 silly mapToRegistry registry https://registry.npmjs.org/
30 silly mapToRegistry data Result {
30 silly mapToRegistry   raw: 'dominic',
30 silly mapToRegistry   scope: null,
30 silly mapToRegistry   name: 'dominic',
30 silly mapToRegistry   rawSpec: '',
30 silly mapToRegistry   spec: 'latest',
30 silly mapToRegistry   type: 'tag' }
31 silly mapToRegistry uri https://registry.npmjs.org/dominic
32 verbose publish registryBase https://registry.npmjs.org/
33 silly publish uploading C:\Users\Bigo\AppData\Roaming\npm-cache\dominic\0.1.41\package.tgz
34 verbose request uri https://registry.npmjs.org/dominic
35 verbose request sending authorization for write operation
36 info attempt registry request try #1 at 11:35:00 AM
37 verbose request using bearer token for auth
38 verbose request id a06463a6fa97dcbe
39 http request PUT https://registry.npmjs.org/dominic
40 http 403 https://registry.npmjs.org/dominic
41 verbose headers { 'content-type': 'application/json',
41 verbose headers   'cache-control': 'max-age=300',
41 verbose headers   'content-length': '96',
41 verbose headers   'accept-ranges': 'bytes',
41 verbose headers   date: 'Mon, 20 Jun 2016 01:35:02 GMT',
41 verbose headers   via: '1.1 varnish',
41 verbose headers   connection: 'keep-alive',
41 verbose headers   'x-served-by': 'cache-syd1625-SYD',
41 verbose headers   'x-cache': 'MISS',
41 verbose headers   'x-cache-hits': '0',
41 verbose headers   'x-timer': 'S1466386501.292211,VS0,VE1038',
41 verbose headers   vary: 'Accept-Encoding' }
42 verbose request invalidating C:\Users\Bigo\AppData\Roaming\npm-cache\registry.npmjs.org\dominic on PUT
43 error publish Failed PUT 403
44 verbose stack Error: "You cannot publish over the previously published version 0.1.41." : dominic
44 verbose stack     at makeError (C:\Program Files\nodejs\node_modules\npm\node_modules\npm-registry-client\lib\request.js:264:12)
44 verbose stack     at CachingRegistryClient.<anonymous> (C:\Program Files\nodejs\node_modules\npm\node_modules\npm-registry-client\lib\request.js:252:14)
44 verbose stack     at Request._callback (C:\Program Files\nodejs\node_modules\npm\node_modules\npm-registry-client\lib\request.js:172:14)
44 verbose stack     at Request.self.callback (C:\Program Files\nodejs\node_modules\npm\node_modules\request\request.js:200:22)
44 verbose stack     at emitTwo (events.js:106:13)
44 verbose stack     at Request.emit (events.js:191:7)
44 verbose stack     at Request.<anonymous> (C:\Program Files\nodejs\node_modules\npm\node_modules\request\request.js:1067:10)
44 verbose stack     at emitOne (events.js:101:20)
44 verbose stack     at Request.emit (events.js:188:7)
44 verbose stack     at IncomingMessage.<anonymous> (C:\Program Files\nodejs\node_modules\npm\node_modules\request\request.js:988:12)
45 verbose statusCode 403
46 verbose pkgid dominic
47 verbose cwd c:\Users\Bigo\Desktop\dominic
48 error Windows_NT 10.0.10586
49 error argv "C:\\Program Files\\nodejs\\node.exe" "C:\\Program Files\\nodejs\\node_modules\\npm\\bin\\npm-cli.js" "publish"
50 error node v6.2.0
51 error npm  v3.8.9
52 error code E403
53 error "You cannot publish over the previously published version 0.1.41." : dominic
54 error If you need help, you may report this error at:
54 error     <https://github.com/npm/npm/issues>
55 verbose exit [ 1, true ]
